2022-11-14 23:47:30,181 INFO o.a.j.u.JMeterUtils: Setting Locale to en_EN
2022-11-14 23:47:30,197 INFO o.a.j.JMeter: Loading user properties from: user.properties
2022-11-14 23:47:30,197 INFO o.a.j.JMeter: Loading system properties from: system.properties
2022-11-14 23:47:30,205 INFO o.a.j.JMeter: Copyright (c) 1998-2022 The Apache Software Foundation
2022-11-14 23:47:30,205 INFO o.a.j.JMeter: Version 5.5
2022-11-14 23:47:30,206 INFO o.a.j.JMeter: java.version=1.8.0_352
2022-11-14 23:47:30,206 INFO o.a.j.JMeter: java.vm.name=OpenJDK 64-Bit Server VM
2022-11-14 23:47:30,206 INFO o.a.j.JMeter: os.name=Linux
2022-11-14 23:47:30,206 INFO o.a.j.JMeter: os.arch=amd64
2022-11-14 23:47:30,206 INFO o.a.j.JMeter: os.version=5.15.0-52-generic
2022-11-14 23:47:30,206 INFO o.a.j.JMeter: file.encoding=UTF-8
2022-11-14 23:47:30,206 INFO o.a.j.JMeter: java.awt.headless=null
2022-11-14 23:47:30,206 INFO o.a.j.JMeter: Max memory     =1073741824
2022-11-14 23:47:30,206 INFO o.a.j.JMeter: Available Processors =12
2022-11-14 23:47:30,211 INFO o.a.j.JMeter: Default Locale=English (EN)
2022-11-14 23:47:30,212 INFO o.a.j.JMeter: JMeter  Locale=English (EN)
2022-11-14 23:47:30,212 INFO o.a.j.JMeter: JMeterHome=/home/tabqui-acer/TZ_KAFKA_SPARK/apache-jmeter-5.5
2022-11-14 23:47:30,212 INFO o.a.j.JMeter: user.dir  =/home/tabqui-acer/TZ_KAFKA_SPARK/apache-jmeter-5.5/bin
2022-11-14 23:47:30,212 INFO o.a.j.JMeter: PWD       =/home/tabqui-acer/TZ_KAFKA_SPARK/apache-jmeter-5.5/bin
2022-11-14 23:47:30,212 INFO o.a.j.JMeter: IP: 127.0.1.1 Name: tabaqui-acer FullName: tabaqui-acer
2022-11-14 23:47:30,233 INFO o.a.j.JMeter: Loaded icon properties from org/apache/jmeter/images/icon.properties
2022-11-14 23:47:30,479 INFO o.a.j.JMeterGuiLauncher: Setting LAF to: com.github.weisj.darklaf.DarkLaf:com.github.weisj.darklaf.theme.DarculaTheme
2022-11-14 23:47:34,010 INFO o.j.r.JARSourceHTTP: Found cached repo
2022-11-14 23:47:34,311 INFO o.j.r.PluginManager: Plugins Status: [jpgc-plugins-manager=1.8, jmeter-core=5.5, jmeter-ftp=5.5, jmeter-http=5.5, jmeter-jdbc=5.5, jmeter-jms=5.5, jmeter-junit=5.5, jmeter-java=5.5, jmeter-ldap=5.5, jmeter-mail=5.5, jmeter-mongodb=5.5, jmeter-native=5.5, jmeter-tcp=5.5, jmeter-components=5.5]
2022-11-14 23:47:42,936 INFO o.a.j.s.FileServer: Default base='/home/tabqui-acer/TZ_KAFKA_SPARK/apache-jmeter-5.5/bin'
2022-11-14 23:47:42,939 INFO o.a.j.g.a.Load: Loading file: /home/tabqui-acer/TZ_KAFKA_SPARK/Java Request.jmx
2022-11-14 23:47:42,939 INFO o.a.j.s.FileServer: Set new base='/home/tabqui-acer/TZ_KAFKA_SPARK'
2022-11-14 23:47:43,092 INFO o.a.j.s.SaveService: Testplan (JMX) version: 2.2. Testlog (JTL) version: 2.2
2022-11-14 23:47:43,104 INFO o.a.j.s.SaveService: Using SaveService properties file encoding UTF-8
2022-11-14 23:47:43,105 INFO o.a.j.s.SaveService: Using SaveService properties version 5.0
2022-11-14 23:47:43,109 INFO o.a.j.s.SaveService: Loading file: /home/tabqui-acer/TZ_KAFKA_SPARK/Java Request.jmx
2022-11-14 23:47:43,425 WARN o.a.j.t.g.GenericTestBeanCustomizer: No editor for property: generator type: interface com.gslab.pepper.loadgen.BaseLoadGenerator in bean: Pepper-Box PlainText Config
2022-11-14 23:47:43,433 WARN o.a.j.t.g.GenericTestBeanCustomizer: com.gslab.pepper.config.plaintext.PlainTextConfigElement#jsonSchema(java.lang.String) requires a value but does not provide a default.
2022-11-14 23:47:43,450 INFO o.a.j.s.FileServer: Set new base='/home/tabqui-acer/TZ_KAFKA_SPARK'
2022-11-14 23:47:46,080 INFO o.a.j.e.StandardJMeterEngine: Running the test!
2022-11-14 23:47:46,081 INFO o.a.j.s.SampleEvent: List of sample_variables: []
2022-11-14 23:47:46,081 INFO o.a.j.s.SampleEvent: List of sample_variables: []
2022-11-14 23:47:46,083 INFO o.a.j.e.u.CompoundVariable: Note: Function class names must contain the string: '.functions.'
2022-11-14 23:47:46,083 INFO o.a.j.e.u.CompoundVariable: Note: Function class names must not contain the string: '.gui.'
2022-11-14 23:47:46,407 INFO o.a.j.p.j.s.JavaSampler: Created class: com.gslab.pepper.sampler.PepperBoxKafkaSampler. Uses tearDownTest: 
2022-11-14 23:47:46,408 INFO o.a.j.g.u.JMeterMenuBar: setRunning(true, *local*)
2022-11-14 23:47:46,589 INFO o.a.j.e.StandardJMeterEngine: Starting ThreadGroup: 1 : Thread Group
2022-11-14 23:47:46,589 INFO o.a.j.e.StandardJMeterEngine: Starting 1 threads for group Thread Group.
2022-11-14 23:47:46,589 INFO o.a.j.e.StandardJMeterEngine: Thread will continue on error
2022-11-14 23:47:46,590 INFO o.a.j.t.ThreadGroup: Starting thread group... number=1 threads=1 ramp-up=1 delayedStart=false
2022-11-14 23:47:46,595 INFO o.a.j.t.ThreadGroup: Started thread group number 1
2022-11-14 23:47:46,596 INFO o.a.j.e.StandardJMeterEngine: All thread groups have been started
2022-11-14 23:47:46,601 INFO o.a.j.t.JMeterThread: Thread started: Thread Group 1-1
2022-11-14 23:47:47,285 INFO o.a.z.ZooKeeper: Client environment:zookeeper.version=3.4.6-1569965, built on 02/20/2014 09:09 GMT
2022-11-14 23:47:47,285 INFO o.a.z.ZooKeeper: Client environment:host.name=tabaqui-acer
2022-11-14 23:47:47,285 INFO o.a.z.ZooKeeper: Client environment:java.version=1.8.0_352
2022-11-14 23:47:47,285 INFO o.a.z.ZooKeeper: Client environment:java.vendor=Private Build
2022-11-14 23:47:47,285 INFO o.a.z.ZooKeeper: Client environment:java.home=/usr/lib/jvm/java-8-openjdk-amd64/jre
2022-11-14 23:47:47,285 INFO o.a.z.ZooKeeper: Client environment:java.class.path=./ApacheJMeter.jar:/home/tabqui-acer/TZ_KAFKA_SPARK/apache-jmeter-5.5/lib/Saxon-HE-11.3.jar:/home/tabqui-acer/TZ_KAFKA_SPARK/apache-jmeter-5.5/lib/accessors-smart-2.4.8.jar:/home/tabqui-acer/TZ_KAFKA_SPARK/apache-jmeter-5.5/lib/annotations-23.0.0.jar:/home/tabqui-acer/TZ_KAFKA_SPARK/apache-jmeter-5.5/lib/apiguardian-api-1.1.2.jar:/home/tabqui-acer/TZ_KAFKA_SPARK/apache-jmeter-5.5/lib/asm-9.3.jar:/home/tabqui-acer/TZ_KAFKA_SPARK/apache-jmeter-5.5/lib/base-portable-jvm-2.2.1.jar:/home/tabqui-acer/TZ_KAFKA_SPARK/apache-jmeter-5.5/lib/batik-anim-1.14.jar:/home/tabqui-acer/TZ_KAFKA_SPARK/apache-jmeter-5.5/lib/batik-awt-util-1.14.jar:/home/tabqui-acer/TZ_KAFKA_SPARK/apache-jmeter-5.5/lib/batik-bridge-1.14.jar:/home/tabqui-acer/TZ_KAFKA_SPARK/apache-jmeter-5.5/lib/batik-codec-1.14.jar:/home/tabqui-acer/TZ_KAFKA_SPARK/apache-jmeter-5.5/lib/batik-constants-1.14.jar:/home/tabqui-acer/TZ_KAFKA_SPARK/apache-jmeter-5.5/lib/batik-css-1.14.jar:/home/tabqui-acer/TZ_KAFKA_SPARK/apache-jmeter-5.5/lib/batik-dom-1.14.jar:/home/tabqui-acer/TZ_KAFKA_SPARK/apache-jmeter-5.5/lib/batik-ext-1.14.jar:/home/tabqui-acer/TZ_KAFKA_SPARK/apache-jmeter-5.5/lib/batik-gvt-1.14.jar:/home/tabqui-acer/TZ_KAFKA_SPARK/apache-jmeter-5.5/lib/batik-i18n-1.14.jar:/home/tabqui-acer/TZ_KAFKA_SPARK/apache-jmeter-5.5/lib/batik-parser-1.14.jar:/home/tabqui-acer/TZ_KAFKA_SPARK/apache-jmeter-5.5/lib/batik-script-1.14.jar:/home/tabqui-acer/TZ_KAFKA_SPARK/apache-jmeter-5.5/lib/batik-shared-resources-1.14.jar:/home/tabqui-acer/TZ_KAFKA_SPARK/apache-jmeter-5.5/lib/batik-svg-dom-1.14.jar:/home/tabqui-acer/TZ_KAFKA_SPARK/apache-jmeter-5.5/lib/batik-svggen-1.14.jar:/home/tabqui-acer/TZ_KAFKA_SPARK/apache-jmeter-5.5/lib/batik-transcoder-1.14.jar:/home/tabqui-acer/TZ_KAFKA_SPARK/apache-jmeter-5.5/lib/batik-util-1.14.jar:/home/tabqui-acer/TZ_KAFKA_SPARK/apache-jmeter-5.5/lib/batik-xml-1.14.jar:/home/tabqui-acer/TZ_KAFKA_SPARK/apache-jmeter-5.5/lib/bsf-2.4.0.jar:/home/tabqui-acer/TZ_KAFKA_SPARK/apache-jmeter-5.5/lib/bsh-2.0b6.jar:/home/tabqui-acer/TZ_KAFKA_SPARK/apache-jmeter-5.5/lib/bshclient.jar:/home/tabqui-acer/TZ_KAFKA_SPARK/apache-jmeter-5.5/lib/caffeine-2.9.3.jar:/home/tabqui-acer/TZ_KAFKA_SPARK/apache-jmeter-5.5/lib/checker-qual-3.19.0.jar:/home/tabqui-acer/TZ_KAFKA_SPARK/apache-jmeter-5.5/lib/commons-codec-1.15.jar:/home/tabqui-acer/TZ_KAFKA_SPARK/apache-jmeter-5.5/lib/commons-collections-3.2.2.jar:/home/tabqui-acer/TZ_KAFKA_SPARK/apache-jmeter-5.5/lib/commons-collections4-4.4.jar:/home/tabqui-acer/TZ_KAFKA_SPARK/apache-jmeter-5.5/lib/commons-dbcp2-2.9.0.jar:/home/tabqui-acer/TZ_KAFKA_SPARK/apache-jmeter-5.5/lib/commons-io-2.11.0.jar:/home/tabqui-acer/TZ_KAFKA_SPARK/apache-jmeter-5.5/lib/commons-jexl-2.1.1.jar:/home/tabqui-acer/TZ_KAFKA_SPARK/apache-jmeter-5.5/lib/commons-jexl3-3.2.1.jar:/home/tabqui-acer/TZ_KAFKA_SPARK/apache-jmeter-5.5/lib/commons-lang3-3.12.0.jar:/home/tabqui-acer/TZ_KAFKA_SPARK/apache-jmeter-5.5/lib/commons-logging-1.2.jar:/home/tabqui-acer/TZ_KAFKA_SPARK/apache-jmeter-5.5/lib/commons-math3-3.6.1.jar:/home/tabqui-acer/TZ_KAFKA_SPARK/apache-jmeter-5.5/lib/commons-net-3.8.0.jar:/home/tabqui-acer/TZ_KAFKA_SPARK/apache-jmeter-5.5/lib/commons-pool2-2.11.1.jar:/home/tabqui-acer/TZ_KAFKA_SPARK/apache-jmeter-5.5/lib/commons-text-1.9.jar:/home/tabqui-acer/TZ_KAFKA_SPARK/apache-jmeter-5.5/lib/darklaf-core-2.7.3.jar:/home/tabqui-acer/TZ_KAFKA_SPARK/apache-jmeter-5.5/lib/darklaf-extensions-rsyntaxarea-0.3.4.jar:/home/tabqui-acer/TZ_KAFKA_SPARK/apache-jmeter-5.5/lib/darklaf-macos-2.7.3.jar:/home/tabqui-acer/TZ_KAFKA_SPARK/apache-jmeter-5.5/lib/darklaf-native-utils-2.7.3.jar:/home/tabqui-acer/TZ_KAFKA_SPARK/apache-jmeter-5.5/lib/darklaf-platform-base-2.7.3.jar:/home/tabqui-acer/TZ_KAFKA_SPARK/apache-jmeter-5.5/lib/darklaf-property-loader-2.7.3.jar:/home/tabqui-acer/TZ_KAFKA_SPARK/apache-jmeter-5.5/lib/darklaf-theme-2.7.3.jar:/home/tabqui-acer/TZ_KAFKA_SPARK/apache-jmeter-5.5/lib/darklaf-utils-2.7.3.jar:/home/tabqui-acer/TZ_KAFKA_SPARK/apache-jmeter-5.5/lib/darklaf-windows-2.7.3.jar:/home/tabqui-acer/TZ_KAFKA_SPARK/apache-jmeter-5.5/lib/dec-0.1.2.jar:/home/tabqui-acer/TZ_KAFKA_SPARK/apache-jmeter-5.5/lib/dnsjava-2.1.9.jar:/home/tabqui-acer/TZ_KAFKA_SPARK/apache-jmeter-5.5/lib/error_prone_annotations-2.10.0.jar:/home/tabqui-acer/TZ_KAFKA_SPARK/apache-jmeter-5.5/lib/freemarker-2.3.31.jar:/home/tabqui-acer/TZ_KAFKA_SPARK/apache-jmeter-5.5/lib/geronimo-jms_1.1_spec-1.1.1.jar:/home/tabqui-acer/TZ_KAFKA_SPARK/apache-jmeter-5.5/lib/groovy-3.0.11.jar:/home/tabqui-acer/TZ_KAFKA_SPARK/apache-jmeter-5.5/lib/groovy-datetime-3.0.11.jar:/home/tabqui-acer/TZ_KAFKA_SPARK/apache-jmeter-5.5/lib/groovy-dateutil-3.0.11.jar:/home/tabqui-acer/TZ_KAFKA_SPARK/apache-jmeter-5.5/lib/groovy-jmx-3.0.11.jar:/home/tabqui-acer/TZ_KAFKA_SPARK/apache-jmeter-5.5/lib/groovy-json-3.0.11.jar:/home/tabqui-acer/TZ_KAFKA_SPARK/apache-jmeter-5.5/lib/groovy-jsr223-3.0.11.jar:/home/tabqui-acer/TZ_KAFKA_SPARK/apache-jmeter-5.5/lib/groovy-sql-3.0.11.jar:/home/tabqui-acer/TZ_KAFKA_SPARK/apache-jmeter-5.5/lib/groovy-templates-3.0.11.jar:/home/tabqui-acer/TZ_KAFKA_SPARK/apache-jmeter-5.5/lib/groovy-xml-3.0.11.jar:/home/tabqui-acer/TZ_KAFKA_SPARK/apache-jmeter-5.5/lib/hamcrest-2.2.jar:/home/tabqui-acer/TZ_KAFKA_SPARK/apache-jmeter-5.5/lib/hamcrest-core-2.2.jar:/home/tabqui-acer/TZ_KAFKA_SPARK/apache-jmeter-5.5/lib/hamcrest-date-2.0.8.jar:/home/tabqui-acer/TZ_KAFKA_SPARK/apache-jmeter-5.5/lib/httpasyncclient-4.1.5.jar:/home/tabqui-acer/TZ_KAFKA_SPARK/apache-jmeter-5.5/lib/httpclient-4.5.13.jar:/home/tabqui-acer/TZ_KAFKA_SPARK/apache-jmeter-5.5/lib/httpcore-4.4.15.jar:/home/tabqui-acer/TZ_KAFKA_SPARK/apache-jmeter-5.5/lib/httpcore-nio-4.4.15.jar:/home/tabqui-acer/TZ_KAFKA_SPARK/apache-jmeter-5.5/lib/httpmime-4.5.13.jar:/home/tabqui-acer/TZ_KAFKA_SPARK/apache-jmeter-5.5/lib/jackson-annotations-2.13.3.jar:/home/tabqui-acer/TZ_KAFKA_SPARK/apache-jmeter-5.5/lib/jackson-core-2.13.3.jar:/home/tabqui-acer/TZ_KAFKA_SPARK/apache-jmeter-5.5/lib/jackson-databind-2.13.3.jar:/home/tabqui-acer/TZ_KAFKA_SPARK/apache-jmeter-5.5/lib/javax.activation-1.2.0.jar:/home/tabqui-acer/TZ_KAFKA_SPARK/apache-jmeter-5.5/lib/jcharts-0.7.5.jar:/home/tabqui-acer/TZ_KAFKA_SPARK/apache-jmeter-5.5/lib/jcl-over-slf4j-1.7.36.jar:/home/tabqui-acer/TZ_KAFKA_SPARK/apache-jmeter-5.5/lib/jmespath-core-0.5.1.jar:/home/tabqui-acer/TZ_KAFKA_SPARK/apache-jmeter-5.5/lib/jmespath-jackson-0.5.1.jar:/home/tabqui-acer/TZ_KAFKA_SPARK/apache-jmeter-5.5/lib/jodd-core-5.0.13.jar:/home/tabqui-acer/TZ_KAFKA_SPARK/apache-jmeter-5.5/lib/jodd-lagarto-5.0.13.jar:/home/tabqui-acer/TZ_KAFKA_SPARK/apache-jmeter-5.5/lib/jodd-log-5.0.13.jar:/home/tabqui-acer/TZ_KAFKA_SPARK/apache-jmeter-5.5/lib/jodd-props-5.0.13.jar:/home/tabqui-acer/TZ_KAFKA_SPARK/apache-jmeter-5.5/lib/jorphan.jar:/home/tabqui-acer/TZ_KAFKA_SPARK/apache-jmeter-5.5/lib/json-path-2.7.0.jar:/home/tabqui-acer/TZ_KAFKA_SPARK/apache-jmeter-5.5/lib/json-smart-2.4.8.jar:/home/tabqui-acer/TZ_KAFKA_SPARK/apache-jmeter-5.5/lib/jsoup-1.15.1.jar:/home/tabqui-acer/TZ_KAFKA_SPARK/apache-jmeter-5.5/lib/jtidy-r938.jar:/home/tabqui-acer/TZ_KAFKA_SPARK/apache-jmeter-5.5/lib/junit-4.13.2.jar:/home/tabqui-acer/TZ_KAFKA_SPARK/apache-jmeter-5.5/lib/kotlin-logging-jvm-2.0.5.jar:/home/tabqui-acer/TZ_KAFKA_SPARK/apache-jmeter-5.5/lib/kotlin-stdlib-1.6.21.jar:/home/tabqui-acer/TZ_KAFKA_SPARK/apache-jmeter-5.5/lib/kotlin-stdlib-common-1.6.21.jar:/home/tabqui-acer/TZ_KAFKA_SPARK/apache-jmeter-5.5/lib/kotlin-stdlib-jdk7-1.6.21.jar:/home/tabqui-acer/TZ_KAFKA_SPARK/apache-jmeter-5.5/lib/kotlin-stdlib-jdk8-1.6.21.jar:/home/tabqui-acer/TZ_KAFKA_SPARK/apache-jmeter-5.5/lib/kotlinx-coroutines-core-jvm-1.6.1.jar:/home/tabqui-acer/TZ_KAFKA_SPARK/apache-jmeter-5.5/lib/kotlinx-coroutines-swing-1.6.1.jar:/home/tabqui-acer/TZ_KAFKA_SPARK/apache-jmeter-5.5/lib/kotlinx-html-jvm-0.7.3.jar:/home/tabqui-acer/TZ_KAFKA_SPARK/apache-jmeter-5.5/lib/lets-plot-batik-2.2.1.jar:/home/tabqui-acer/TZ_KAFKA_SPARK/apache-jmeter-5.5/lib/lets-plot-common-2.2.1.jar:/home/tabqui-acer/TZ_KAFKA_SPARK/apache-jmeter-5.5/lib/log4j-1.2-api-2.17.2.jar:/home/tabqui-acer/TZ_KAFKA_SPARK/apache-jmeter-5.5/lib/log4j-api-2.17.2.jar:/home/tabqui-acer/TZ_KAFKA_SPARK/apache-jmeter-5.5/lib/log4j-core-2.17.2.jar:/home/tabqui-acer/TZ_KAFKA_SPARK/apache-jmeter-5.5/lib/log4j-slf4j-impl-2.17.2.jar:/home/tabqui-acer/TZ_KAFKA_SPARK/apache-jmeter-5.5/lib/mail-1.5.0-b01.jar:/home/tabqui-acer/TZ_KAFKA_SPARK/apache-jmeter-5.5/lib/miglayout-core-5.3.jar:/home/tabqui-acer/TZ_KAFKA_SPARK/apache-jmeter-5.5/lib/miglayout-swing-5.3.jar:/home/tabqui-acer/TZ_KAFKA_SPARK/apache-jmeter-5.5/lib/mongo-java-driver-2.11.3.jar:/home/tabqui-acer/TZ_KAFKA_SPARK/apache-jmeter-5.5/lib/mxparser-1.2.2.jar:/home/tabqui-acer/TZ_KAFKA_SPARK/apache-jmeter-5.5/lib/neo4j-java-driver-4.4.6.jar:/home/tabqui-acer/TZ_KAFKA_SPARK/apache-jmeter-5.5/lib/oro-2.0.8.jar:/home/tabqui-acer/TZ_KAFKA_SPARK/apache-jmeter-5.5/lib/ph-commons-10.1.6.jar:/home/tabqui-acer/TZ_KAFKA_SPARK/apache-jmeter-5.5/lib/ph-css-6.5.0.jar:/home/tabqui-acer/TZ_KAFKA_SPARK/apache-jmeter-5.5/lib/plot-api-jvm-3.1.1.jar:/home/tabqui-acer/TZ_KAFKA_SPARK/apache-jmeter-5.5/lib/plot-base-portable-jvm-2.2.1.jar:/home/tabqui-acer/TZ_KAFKA_SPARK/apache-jmeter-5.5/lib/plot-builder-portable-jvm-2.2.1.jar:/home/tabqui-acer/TZ_KAFKA_SPARK/apache-jmeter-5.5/lib/plot-common-portable-jvm-2.2.1.jar:/home/tabqui-acer/TZ_KAFKA_SPARK/apache-jmeter-5.5/lib/plot-config-portable-jvm-2.2.1.jar:/home/tabqui-acer/TZ_KAFKA_SPARK/apache-jmeter-5.5/lib/reactive-streams-1.0.3.jar:/home/tabqui-acer/TZ_KAFKA_SPARK/apache-jmeter-5.5/lib/rhino-1.7.14.jar:/home/tabqui-acer/TZ_KAFKA_SPARK/apache-jmeter-5.5/lib/rsyntaxtextarea-3.2.0.jar:/home/tabqui-acer/TZ_KAFKA_SPARK/apache-jmeter-5.5/lib/serializer-2.7.2.jar:/home/tabqui-acer/TZ_KAFKA_SPARK/apache-jmeter-5.5/lib/slf4j-api-1.7.36.jar:/home/tabqui-acer/TZ_KAFKA_SPARK/apache-jmeter-5.5/lib/svgSalamander-1.1.2.4.jar:/home/tabqui-acer/TZ_KAFKA_SPARK/apache-jmeter-5.5/lib/swing-extensions-laf-support-0.1.3.jar:/home/tabqui-acer/TZ_KAFKA_SPARK/apache-jmeter-5.5/lib/swing-extensions-visual-padding-0.1.3.jar:/home/tabqui-acer/TZ_KAFKA_SPARK/apache-jmeter-5.5/lib/tika-core-1.28.3.jar:/home/tabqui-acer/TZ_KAFKA_SPARK/apache-jmeter-5.5/lib/tika-parsers-1.28.3.jar:/home/tabqui-acer/TZ_KAFKA_SPARK/apache-jmeter-5.5/lib/vis-svg-portable-jvm-2.2.1.jar:/home/tabqui-acer/TZ_KAFKA_SPARK/apache-jmeter-5.5/lib/xalan-2.7.2.jar:/home/tabqui-acer/TZ_KAFKA_SPARK/apache-jmeter-5.5/lib/xercesImpl-2.12.2.jar:/home/tabqui-acer/TZ_KAFKA_SPARK/apache-jmeter-5.5/lib/xml-apis-1.4.01.jar:/home/tabqui-acer/TZ_KAFKA_SPARK/apache-jmeter-5.5/lib/xml-apis-ext-1.3.04.jar:/home/tabqui-acer/TZ_KAFKA_SPARK/apache-jmeter-5.5/lib/xmlgraphics-commons-2.7.jar:/home/tabqui-acer/TZ_KAFKA_SPARK/apache-jmeter-5.5/lib/xmlpull-1.1.3.1.jar:/home/tabqui-acer/TZ_KAFKA_SPARK/apache-jmeter-5.5/lib/xmlresolver-4.2.0-data.jar:/home/tabqui-acer/TZ_KAFKA_SPARK/apache-jmeter-5.5/lib/xmlresolver-4.2.0.jar:/home/tabqui-acer/TZ_KAFKA_SPARK/apache-jmeter-5.5/lib/xstream-1.4.19.jar:/home/tabqui-acer/TZ_KAFKA_SPARK/apache-jmeter-5.5/lib/ext/ApacheJMeter_bolt.jar:/home/tabqui-acer/TZ_KAFKA_SPARK/apache-jmeter-5.5/lib/ext/ApacheJMeter_components.jar:/home/tabqui-acer/TZ_KAFKA_SPARK/apache-jmeter-5.5/lib/ext/ApacheJMeter_core.jar:/home/tabqui-acer/TZ_KAFKA_SPARK/apache-jmeter-5.5/lib/ext/ApacheJMeter_ftp.jar:/home/tabqui-acer/TZ_KAFKA_SPARK/apache-jmeter-5.5/lib/ext/ApacheJMeter_functions.jar:/home/tabqui-acer/TZ_KAFKA_SPARK/apache-jmeter-5.5/lib/ext/ApacheJMeter_http.jar:/home/tabqui-acer/TZ_KAFKA_SPARK/apache-jmeter-5.5/lib/ext/ApacheJMeter_java.jar:/home/tabqui-acer/TZ_KAFKA_SPARK/apache-jmeter-5.5/lib/ext/ApacheJMeter_jdbc.jar:/home/tabqui-acer/TZ_KAFKA_SPARK/apache-jmeter-5.5/lib/ext/ApacheJMeter_jms.jar:/home/tabqui-acer/TZ_KAFKA_SPARK/apache-jmeter-5.5/lib/ext/ApacheJMeter_junit.jar:/home/tabqui-acer/TZ_KAFKA_SPARK/apache-jmeter-5.5/lib/ext/ApacheJMeter_ldap.jar:/home/tabqui-acer/TZ_KAFKA_SPARK/apache-jmeter-5.5/lib/ext/ApacheJMeter_mail.jar:/home/tabqui-acer/TZ_KAFKA_SPARK/apache-jmeter-5.5/lib/ext/ApacheJMeter_mongodb.jar:/home/tabqui-acer/TZ_KAFKA_SPARK/apache-jmeter-5.5/lib/ext/ApacheJMeter_native.jar:/home/tabqui-acer/TZ_KAFKA_SPARK/apache-jmeter-5.5/lib/ext/ApacheJMeter_tcp.jar:/home/tabqui-acer/TZ_KAFKA_SPARK/apache-jmeter-5.5/lib/ext/jmeter-plugins-manager-1.8.jar:/home/tabqui-acer/TZ_KAFKA_SPARK/apache-jmeter-5.5/lib/ext/pepper-box-1.0.jar
2022-11-14 23:47:47,286 INFO o.a.z.ZooKeeper: Client environment:java.library.path=/usr/java/packages/lib/amd64:/usr/lib/x86_64-linux-gnu/jni:/lib/x86_64-linux-gnu:/usr/lib/x86_64-linux-gnu:/usr/lib/jni:/lib:/usr/lib
2022-11-14 23:47:47,286 INFO o.a.z.ZooKeeper: Client environment:java.io.tmpdir=/tmp
2022-11-14 23:47:47,286 INFO o.a.z.ZooKeeper: Client environment:java.compiler=<NA>
2022-11-14 23:47:47,286 INFO o.a.z.ZooKeeper: Client environment:os.name=Linux
2022-11-14 23:47:47,286 INFO o.a.z.ZooKeeper: Client environment:os.arch=amd64
2022-11-14 23:47:47,286 INFO o.a.z.ZooKeeper: Client environment:os.version=5.15.0-52-generic
2022-11-14 23:47:47,286 INFO o.a.z.ZooKeeper: Client environment:user.name=tabqui-acer
2022-11-14 23:47:47,287 INFO o.a.z.ZooKeeper: Client environment:user.home=/home/tabqui-acer
2022-11-14 23:47:47,287 INFO o.a.z.ZooKeeper: Client environment:user.dir=/home/tabqui-acer/TZ_KAFKA_SPARK/apache-jmeter-5.5/bin
2022-11-14 23:47:47,288 INFO o.a.z.ZooKeeper: Initiating client connection, connectString=localhost:2181 sessionTimeout=10000 watcher=null
2022-11-14 23:47:47,304 INFO o.a.z.ClientCnxn: Opening socket connection to server localhost/127.0.0.1:2181. Will not attempt to authenticate using SASL (unknown error)
2022-11-14 23:47:47,311 INFO o.a.z.ClientCnxn: Socket connection established to localhost/127.0.0.1:2181, initiating session
2022-11-14 23:47:47,336 INFO o.a.z.ClientCnxn: Session establishment complete on server localhost/127.0.0.1:2181, sessionid = 0x100004f4fb30002, negotiated timeout = 10000
2022-11-14 23:47:47,338 ERROR o.a.z.ClientCnxn: Error while calling watcher 
java.lang.NullPointerException: null
	at org.apache.zookeeper.ClientCnxn$EventThread.processEvent(ClientCnxn.java:522) ~[pepper-box-1.0.jar:?]
	at org.apache.zookeeper.ClientCnxn$EventThread.run(ClientCnxn.java:498) ~[pepper-box-1.0.jar:?]
2022-11-14 23:47:47,354 INFO o.a.k.c.p.ProducerConfig: ProducerConfig values: 
	compression.type = none
	metric.reporters = []
	metadata.max.age.ms = 300000
	metadata.fetch.timeout.ms = 60000
	reconnect.backoff.ms = 50
	sasl.kerberos.ticket.renew.window.factor = 0.8
	bootstrap.servers = [tabaqui-acer:9092]
	retry.backoff.ms = 100
	sasl.kerberos.kinit.cmd = /usr/bin/kinit
	buffer.memory = 33554432
	timeout.ms = 30000
	key.serializer = class org.apache.kafka.common.serialization.StringSerializer
	sasl.kerberos.service.name = null
	sasl.kerberos.ticket.renew.jitter = 0.05
	ssl.keystore.type = JKS
	ssl.trustmanager.algorithm = PKIX
	block.on.buffer.full = false
	ssl.key.password = null
	max.block.ms = 60000
	sasl.kerberos.min.time.before.relogin = 60000
	connections.max.idle.ms = 540000
	ssl.truststore.password = null
	max.in.flight.requests.per.connection = 5
	metrics.num.samples = 2
	client.id = 
	ssl.endpoint.identification.algorithm = null
	ssl.protocol = TLS
	request.timeout.ms = 30000
	ssl.provider = null
	ssl.enabled.protocols = [TLSv1.2, TLSv1.1, TLSv1]
	acks = 1
	batch.size = 16384
	ssl.keystore.location = null
	receive.buffer.bytes = 32768
	ssl.cipher.suites = null
	ssl.truststore.type = JKS
	security.protocol = PLAINTEXT
	retries = 0
	max.request.size = 1048576
	value.serializer = class org.apache.kafka.common.serialization.StringSerializer
	ssl.truststore.location = null
	ssl.keystore.password = null
	ssl.keymanager.algorithm = SunX509
	metrics.sample.window.ms = 30000
	partitioner.class = class org.apache.kafka.clients.producer.internals.DefaultPartitioner
	send.buffer.bytes = 131072
	linger.ms = 0

2022-11-14 23:47:47,373 WARN o.a.k.c.p.ProducerConfig: The configuration sasl.mechanism = GSSAPI was supplied but isn't a known config.
2022-11-14 23:47:47,374 INFO o.a.k.c.u.AppInfoParser: Kafka version : 0.9.0.1
2022-11-14 23:47:47,374 INFO o.a.k.c.u.AppInfoParser: Kafka commitId : 23c69d62a0cabf06
2022-11-14 23:47:47,375 INFO o.a.j.s.SampleResult: Note: Sample TimeStamps are START times
2022-11-14 23:47:47,375 INFO o.a.j.s.SampleResult: sampleresult.default.encoding is set to ISO-8859-1
2022-11-14 23:47:47,376 INFO o.a.j.s.SampleResult: sampleresult.useNanoTime=true
2022-11-14 23:47:47,376 INFO o.a.j.s.SampleResult: sampleresult.nanoThreadSleep=5000
2022-11-14 23:47:49,319 INFO o.a.j.g.a.Start: Stopping test
2022-11-14 23:47:49,328 INFO o.a.j.t.JMeterThread: Thread finished: Thread Group 1-1
2022-11-14 23:47:49,328 INFO o.a.j.t.JMeterThread: Stopping: Thread Group 1-1
2022-11-14 23:47:49,328 INFO o.a.j.e.StandardJMeterEngine: Notifying test listeners of end of test
2022-11-14 23:47:49,329 INFO o.a.k.c.p.KafkaProducer: Closing the Kafka producer with timeoutMillis = 9223372036854775807 ms.
2022-11-14 23:47:49,359 INFO o.a.j.g.u.JMeterMenuBar: setRunning(false, *local*)
